<?xml version="1.0" encoding="UTF-8"?>
<!-- Generated by org.testng.reporters.JUnitReportReporter -->
<testsuite hostname="Gokul-VAIO" name="com.sample.test2.Test2_2" tests="3" failures="0" timestamp="13 Aug 2014 03:11:56 GMT" time="0.655" errors="0">
  <testcase name="test2in2" time="0.269" classname="com.sample.test2.Test2_2"/>
  <testcase name="test2in2" time="0.163" classname="com.sample.test2.Test2_2"/>
  <testcase name="test2in2" time="0.223" classname="com.sample.test2.Test2_2"/>
</testsuite> <!-- com.sample.test2.Test2_2 -->
