<?xml version="1.0" encoding="UTF-8"?>
<!-- Generated by org.testng.reporters.JUnitReportReporter -->
<testsuite hostname="Gokul-VAIO" name="com.sample.test2.Test2_1" tests="3" failures="0" timestamp="13 Aug 2014 03:11:56 GMT" time="0.692" errors="0">
  <testcase name="test1in2" time="0.230" classname="com.sample.test2.Test2_1"/>
  <testcase name="test1in2" time="0.346" classname="com.sample.test2.Test2_1"/>
  <testcase name="test1in2" time="0.116" classname="com.sample.test2.Test2_1"/>
</testsuite> <!-- com.sample.test2.Test2_1 -->
