<?xml version="1.0" encoding="UTF-8"?>
<!-- Generated by org.testng.reporters.JUnitReportReporter -->
<testsuite hostname="Gokul-VAIO" name="com.sample.test1.brandfilter" tests="1" failures="0" timestamp="13 Aug 2014 03:11:56 GMT" time="15.582" errors="0">
  <testcase name="brand_filter" time="15.582" classname="com.sample.test1.brandfilter"/>
</testsuite> <!-- com.sample.test1.brandfilter -->
