<?xml version="1.0" encoding="UTF-8"?>
<!-- Generated by org.testng.reporters.JUnitReportReporter -->
<testsuite hostname="Gokul-VAIO" name="com.sample.test1.Test1_1" tests="1" failures="0" timestamp="13 Aug 2014 03:11:56 GMT" time="23.317" errors="0">
  <testcase name="test1" time="23.317" classname="com.sample.test1.Test1_1"/>
</testsuite> <!-- com.sample.test1.Test1_1 -->
