<?xml version="1.0" encoding="UTF-8"?>
<!-- Generated by org.testng.reporters.JUnitReportReporter -->
<testsuite hostname="Gokul-VAIO" name="test.test" tests="1" failures="0" timestamp="26 Jul 2014 06:13:07 GMT" time="28.317" errors="0">
  <testcase name="checkrunmodefortestcase" time="28.317" classname="test.test"/>
</testsuite> <!-- test.test -->
